\BOOKMARK [0][]{chapter.1}{1 Introduction}{}% 1
\BOOKMARK [1][]{section.1.1}{1.1 Motivation}{chapter.1}% 2
\BOOKMARK [1][]{section.1.2}{1.2 Objectives}{chapter.1}% 3
\BOOKMARK [1][]{section.1.3}{1.3 Methodology}{chapter.1}% 4
\BOOKMARK [1][]{section.1.4}{1.4 Contributions}{chapter.1}% 5
\BOOKMARK [0][]{chapter.2}{2 Related Work}{}% 6
\BOOKMARK [1][]{section.2.1}{2.1 Electronic Health Records}{chapter.2}% 7
\BOOKMARK [1][]{section.2.2}{2.2 Text Mining}{chapter.2}% 8
\BOOKMARK [2][]{subsection.2.2.1}{2.2.1 Name-entity Recognition}{section.2.2}% 9
\BOOKMARK [2][]{subsection.2.2.2}{2.2.2 Application of Text Mining on Radiology Reports}{section.2.2}% 10
\BOOKMARK [1][]{section.2.3}{2.3 Translation}{chapter.2}% 11
\BOOKMARK [2][]{subsection.2.3.1}{2.3.1 Machine Translation}{section.2.3}% 12
\BOOKMARK [3][]{subsubsection.2.3.1.1}{2.3.1.1 Word-Based Models}{subsection.2.3.1}% 13
\BOOKMARK [3][]{subsubsection.2.3.1.2}{2.3.1.2 Phrase-Based Models}{subsection.2.3.1}% 14
\BOOKMARK [2][]{subsection.2.3.2}{2.3.2 Machine Translation Services}{section.2.3}% 15
\BOOKMARK [3][]{subsubsection.2.3.2.1}{2.3.2.1 Yandex}{subsection.2.3.2}% 16
\BOOKMARK [3][]{subsubsection.2.3.2.2}{2.3.2.2 Google}{subsection.2.3.2}% 17
\BOOKMARK [2][]{subsection.2.3.3}{2.3.3 Post-editing}{section.2.3}% 18
\BOOKMARK [2][]{subsection.2.3.4}{2.3.4 Translation of Medical Text}{section.2.3}% 19
\BOOKMARK [3][]{subsubsection.2.3.4.1}{2.3.4.1 Machine Translation of Doctor-Patient Communication}{subsection.2.3.4}% 20
\BOOKMARK [3][]{subsubsection.2.3.4.2}{2.3.4.2 Machine Translation of Public-Health Information}{subsection.2.3.4}% 21
\BOOKMARK [3][]{subsubsection.2.3.4.3}{2.3.4.3 Machine Translation for Information Retrieval}{subsection.2.3.4}% 22
\BOOKMARK [3][]{subsubsection.2.3.4.4}{2.3.4.4 Machine Translation of Other Types of Medical Text}{subsection.2.3.4}% 23
\BOOKMARK [1][]{section.2.4}{2.4 External Tools and Terminologies}{chapter.2}% 24
\BOOKMARK [2][]{subsection.2.4.1}{2.4.1 RadLex}{section.2.4}% 25
\BOOKMARK [2][]{subsection.2.4.2}{2.4.2 Open Biomedical Annotator}{section.2.4}% 26
\BOOKMARK [2][]{subsection.2.4.3}{2.4.3 NOBLE Coder}{section.2.4}% 27
\BOOKMARK [1][]{section.2.5}{2.5 Evaluation Metrics}{chapter.2}% 28
\BOOKMARK [0][]{chapter.3}{3 Framework}{}% 29
\BOOKMARK [1][]{section.3.1}{3.1 Portuguese-English Parallel Corpus}{chapter.3}% 30
\BOOKMARK [2][]{subsection.3.1.1}{3.1.1 Web Crawl of the articles \(1,2\)}{section.3.1}% 31
\BOOKMARK [2][]{subsection.3.1.2}{3.1.2 Yandex Translation \(3\)}{section.3.1}% 32
\BOOKMARK [2][]{subsection.3.1.3}{3.1.3 Google and Unbabel Translation \(4,5\)}{section.3.1}% 33
\BOOKMARK [1][]{section.3.2}{3.2 RadLex Anatomical Entities Subset}{chapter.3}% 34
\BOOKMARK [1][]{section.3.3}{3.3 Annotation}{chapter.3}% 35
\BOOKMARK [2][]{subsection.3.3.1}{3.3.1 Annotation with Radlex Annotator}{section.3.3}% 36
\BOOKMARK [2][]{subsection.3.3.2}{3.3.2 Annotation with NOBLE Coder}{section.3.3}% 37
\BOOKMARK [1][]{section.3.4}{3.4 Evaluation}{chapter.3}% 38
\BOOKMARK [0][]{chapter.4}{4 Experimental Results}{}% 39
\BOOKMARK [1][]{section.4.1}{4.1 Methods}{chapter.4}% 40
\BOOKMARK [1][]{section.4.2}{4.2 Results}{chapter.4}% 41
\BOOKMARK [1][]{section.4.3}{4.3 Discussion}{chapter.4}% 42
\BOOKMARK [1][]{section.4.4}{4.4 Conclusions}{chapter.4}% 43
\BOOKMARK [0][]{chapter.5}{5 Conclusions}{}% 44
\BOOKMARK [0][]{section*.4}{References}{}% 45
